2026-02-11 18:14:53 [INFO] Starting lifecycle completion for PROJ-2026-0210-novotechno-collections
2026-02-11 18:14:53 [INFO] Project dir: /Users/caine/Projects/PROJ-2026-0210-novotechno-collections
2026-02-11 18:14:53 [INFO] Log file: /Users/caine/Projects/PROJ-2026-0210-novotechno-collections/.lifecycle-complete.log
2026-02-11 18:14:53 [INFO] DRY RUN mode — no files will be modified
2026-02-11 18:14:53 [PHASE] PHASE 1: STATUS AUDIT
2026-02-11 18:14:53 [INFO] Checking project directory...
2026-02-11 18:14:53 [OK] Found: Project directory
2026-02-11 18:14:53 [OK] Found: Tasks directory
2026-02-11 18:14:53 [OK] Found: MANIFEST.json
2026-02-11 18:14:53 [INFO] Checking task completion status...
2026-02-11 18:14:53 [OK] All 13 tasks are COMPLETE
2026-02-11 18:14:53 [INFO] Checking deliverables...
2026-02-11 18:14:53 [WARN] No RESPONSE file found for TASK_OAUTH_001 (type: implementation)
2026-02-11 18:14:53 [WARN] No RESPONSE file found for TASK_PDF_001 (type: implementation)
2026-02-11 18:14:53 [WARN] RESPONSE file missing: TASK_QA_002_qa-engineer-novotechno_RESPONSE.md for TASK_QA_002
2026-02-11 18:14:53 [WARN] 3 task(s) without RESPONSE files (may be acceptable for some types)
2026-02-11 18:14:53 [OK] Found DECISIONS.md
2026-02-11 18:14:53 [INFO] Checking git status...
2026-02-11 18:14:53 [WARN] 6 uncommitted changes in git working tree
2026-02-11 18:14:53 [OK] Git tags present (latest: v1.0.0)
2026-02-11 18:14:53 [INFO] --- Phase 1 Summary ---
2026-02-11 18:14:53 [INFO] Tasks: 13/13 complete
2026-02-11 18:14:53 [INFO] Warnings: 5
2026-02-11 18:14:53 [OK] Phase 1 PASSED — project is ready for completion
2026-02-11 18:14:53 [PHASE] PHASE 2: RETROSPECTIVE
2026-02-11 18:14:53 [OK] RETRO.md already exists (12895 bytes) — skipping generation
2026-02-11 18:14:53 [PHASE] PHASE 3: KMA ABSORPTION
2026-02-11 18:14:53 [OK] Absorption file already processed: ABSORB_PROJ-2026-0210-novotechno-collections_2026-02-11.md
2026-02-11 18:14:53 [PHASE] PHASE 4: DOCUMENTATION UPDATES
2026-02-11 18:14:53 [INFO] Validating MANIFEST.json internal consistency...
2026-02-11 18:14:53 [INFO] Checking for broken references in project files...
2026-02-11 18:14:53 [OK] No broken file references found
2026-02-11 18:14:53 [INFO] Checking Brain cross-reference targets...
2026-02-11 18:14:53 [INFO] Brain archive note not yet created (KMA will create during absorption)
2026-02-11 18:14:54 [INFO] Pattern Registry references to this project: 0
0
2026-02-11 18:14:54 [INFO] Validating RETRO.md structure...
2026-02-11 18:14:54 [WARN] RETRO.md missing section: Kolb Phase A
2026-02-11 18:14:54 [WARN] RETRO.md missing section: Kolb Phase B
2026-02-11 18:14:54 [WARN] RETRO.md missing section: Kolb Phase C
2026-02-11 18:14:54 [WARN] RETRO.md missing section: Kolb Phase D
2026-02-11 18:14:54 [WARN] RETRO.md incomplete (2/6 sections)
2026-02-11 18:14:54 [DRY] Update MANIFEST.json phase to COMPLETE
2026-02-11 18:14:54 [OK] Phase 4 PASSED — documentation validated
2026-02-11 18:14:54 [PHASE] PHASE 5: ARCHIVE & CLEANUP
2026-02-11 18:14:54 [INFO] Unregistering from task-dispatch-watcher...
2026-02-11 18:14:54 [OK] Not registered with watcher (already clean)
2026-02-11 18:14:54 [INFO] Cancelling lifecycle watches...
2026-02-11 18:14:54 [OK] Lifecycle watches cleaned
2026-02-11 18:14:54 [INFO] Preparing HR archival request...
2026-02-11 18:14:54 [OK] Archival already processed: ARCHIVAL_PROJ-2026-0210-novotechno-collections_2026-02-11.md
2026-02-11 18:14:54 [INFO] Cleaning up temporary files...
2026-02-11 18:14:54 [DRY] Remove: TASK_QA_002_qa-engineer-novotechno_RESPONSE.md.bak
2026-02-11 18:14:54 [OK] Cleaned 0 temp files
2026-02-11 18:14:54 [INFO] Cleaning watcher state entries...
2026-02-11 18:14:54 [DRY] Remove PROJ-2026-0210-novotechno-collections from watcher processed entries
2026-02-11 18:14:54 [INFO] Running final validation scan...
2026-02-11 18:14:54 [OK] Absorption request: present
2026-02-11 18:14:54 [OK] Archival request: present
2026-02-11 18:14:54 [OK] RETRO.md: present
2026-02-11 18:14:54 [WARN] MANIFEST phase: EXECUTION (expected COMPLETE)
2026-02-11 18:14:54 [OK] Watcher registration: clean
2026-02-11 18:14:54 [WARN] 2 potentially orphaned process(es) referencing PROJ-2026-0210-novotechno-collections
2026-02-11 18:14:54 [OK] Phase 5 PASSED — archive and cleanup complete
2026-02-11 18:14:54 [INFO] Total errors: 0
2026-02-11 18:14:54 [INFO] Total warnings: 12
2026-02-11 18:14:54 [INFO] Log file: /Users/caine/Projects/PROJ-2026-0210-novotechno-collections/.lifecycle-complete.log
2026-02-11 18:15:50 [INFO] Starting lifecycle completion for PROJ-2026-0210-novotechno-collections
2026-02-11 18:15:50 [INFO] Project dir: /Users/caine/Projects/PROJ-2026-0210-novotechno-collections
2026-02-11 18:15:50 [INFO] Log file: /Users/caine/Projects/PROJ-2026-0210-novotechno-collections/.lifecycle-complete.log
2026-02-11 18:15:50 [INFO] DRY RUN mode — no files will be modified
2026-02-11 18:15:50 [PHASE] PHASE 1: STATUS AUDIT
2026-02-11 18:15:50 [INFO] Checking project directory...
2026-02-11 18:15:50 [OK] Found: Project directory
2026-02-11 18:15:50 [OK] Found: Tasks directory
2026-02-11 18:15:50 [OK] Found: MANIFEST.json
2026-02-11 18:15:50 [INFO] Checking task completion status...
2026-02-11 18:15:50 [OK] All 13 tasks are COMPLETE
2026-02-11 18:15:50 [INFO] Checking deliverables...
2026-02-11 18:15:51 [OK] Found DECISIONS.md
2026-02-11 18:15:51 [INFO] Checking git status...
2026-02-11 18:15:51 [WARN] 6 uncommitted changes in git working tree
2026-02-11 18:15:51 [OK] Git tags present (latest: v1.0.0)
2026-02-11 18:15:51 [INFO] --- Phase 1 Summary ---
2026-02-11 18:15:51 [INFO] Tasks: 13/13 complete
2026-02-11 18:15:51 [INFO] Warnings: 1
2026-02-11 18:15:51 [OK] Phase 1 PASSED — project is ready for completion
2026-02-11 18:15:51 [PHASE] PHASE 2: RETROSPECTIVE
2026-02-11 18:15:51 [OK] RETRO.md already exists (12895 bytes) — skipping generation
2026-02-11 18:15:51 [PHASE] PHASE 3: KMA ABSORPTION
2026-02-11 18:15:51 [OK] Absorption file already processed: ABSORB_PROJ-2026-0210-novotechno-collections_2026-02-11.md
2026-02-11 18:15:51 [PHASE] PHASE 4: DOCUMENTATION UPDATES
2026-02-11 18:15:51 [INFO] Validating MANIFEST.json internal consistency...
2026-02-11 18:15:51 [INFO] Checking for broken references in project files...
2026-02-11 18:15:51 [OK] No broken file references found
2026-02-11 18:15:51 [INFO] Checking Brain cross-reference targets...
2026-02-11 18:15:51 [INFO] Brain archive note not yet created (KMA will create during absorption)
2026-02-11 18:15:51 [INFO] Pattern Registry references to this project: 0
2026-02-11 18:15:51 [INFO] Validating RETRO.md structure...
2026-02-11 18:15:51 [OK] RETRO.md structure valid (6/6 sections)
2026-02-11 18:15:51 [DRY] Update MANIFEST.json phase to COMPLETE
2026-02-11 18:15:51 [OK] Phase 4 PASSED — documentation validated
2026-02-11 18:15:51 [PHASE] PHASE 5: ARCHIVE & CLEANUP
2026-02-11 18:15:51 [INFO] Unregistering from task-dispatch-watcher...
2026-02-11 18:15:51 [OK] Not registered with watcher (already clean)
2026-02-11 18:15:51 [INFO] Cancelling lifecycle watches...
2026-02-11 18:15:51 [OK] Lifecycle watches cleaned
2026-02-11 18:15:51 [INFO] Preparing HR archival request...
2026-02-11 18:15:51 [OK] Archival already processed: ARCHIVAL_PROJ-2026-0210-novotechno-collections_2026-02-11.md
2026-02-11 18:15:51 [INFO] Cleaning up temporary files...
2026-02-11 18:15:51 [DRY] Remove: TASK_QA_002_qa-engineer-novotechno_RESPONSE.md.bak
2026-02-11 18:15:51 [OK] Cleaned 0 temp files
2026-02-11 18:15:51 [INFO] Cleaning watcher state entries...
2026-02-11 18:15:51 [DRY] Remove PROJ-2026-0210-novotechno-collections from watcher processed entries
2026-02-11 18:15:51 [INFO] Running final validation scan...
2026-02-11 18:15:51 [OK] Absorption request: present
2026-02-11 18:15:51 [OK] Archival request: present
2026-02-11 18:15:51 [OK] RETRO.md: present
2026-02-11 18:15:51 [WARN] MANIFEST phase: EXECUTION (expected COMPLETE)
2026-02-11 18:15:51 [OK] Watcher registration: clean
2026-02-11 18:15:51 [WARN] 2 potentially orphaned process(es) referencing PROJ-2026-0210-novotechno-collections
2026-02-11 18:15:51 [OK] Phase 5 PASSED — archive and cleanup complete
2026-02-11 18:15:51 [INFO] Total errors: 0
2026-02-11 18:15:51 [INFO] Total warnings: 3
2026-02-11 18:15:51 [INFO] Log file: /Users/caine/Projects/PROJ-2026-0210-novotechno-collections/.lifecycle-complete.log
2026-02-11 18:15:56 [INFO] Starting lifecycle completion for PROJ-2026-0210-novotechno-collections
2026-02-11 18:15:56 [INFO] Project dir: /Users/caine/Projects/PROJ-2026-0210-novotechno-collections
2026-02-11 18:15:56 [INFO] Log file: /Users/caine/Projects/PROJ-2026-0210-novotechno-collections/.lifecycle-complete.log
2026-02-11 18:15:56 [INFO] DRY RUN mode — no files will be modified
2026-02-11 18:15:56 [INFO] Starting from phase 4
2026-02-11 18:15:56 [PHASE] PHASE 4: DOCUMENTATION UPDATES
2026-02-11 18:15:56 [INFO] Validating MANIFEST.json internal consistency...
2026-02-11 18:15:56 [INFO] Checking for broken references in project files...
2026-02-11 18:15:56 [OK] No broken file references found
2026-02-11 18:15:56 [INFO] Checking Brain cross-reference targets...
2026-02-11 18:15:56 [INFO] Brain archive note not yet created (KMA will create during absorption)
2026-02-11 18:15:56 [INFO] Pattern Registry references to this project: 0
2026-02-11 18:15:56 [INFO] Validating RETRO.md structure...
2026-02-11 18:15:56 [OK] RETRO.md structure valid (6/6 sections)
2026-02-11 18:15:56 [DRY] Update MANIFEST.json phase to COMPLETE
2026-02-11 18:15:56 [OK] Phase 4 PASSED — documentation validated
2026-02-11 18:15:56 [PHASE] PHASE 5: ARCHIVE & CLEANUP
2026-02-11 18:15:56 [INFO] Unregistering from task-dispatch-watcher...
2026-02-11 19:31:06 [INFO] Starting lifecycle completion for PROJ-2026-0210-novotechno-collections
2026-02-11 19:31:06 [INFO] Project dir: /Users/caine/Projects/PROJ-2026-0210-novotechno-collections
2026-02-11 19:31:06 [INFO] Log file: /Users/caine/Projects/PROJ-2026-0210-novotechno-collections/.lifecycle-complete.log
2026-02-11 19:31:06 [INFO] Starting from phase 4
2026-02-11 19:31:06 [PHASE] PHASE 4: DOCUMENTATION UPDATES
2026-02-11 19:31:06 [INFO] Validating MANIFEST.json internal consistency...
2026-02-11 19:31:06 [INFO] Checking for broken references in project files...
2026-02-11 19:31:06 [OK] No broken file references found
2026-02-11 19:31:06 [INFO] Checking Brain cross-reference targets...
2026-02-11 19:31:06 [INFO] Brain archive note not yet created (KMA will create during absorption)
2026-02-11 19:31:06 [INFO] Pattern Registry references to this project: 0
2026-02-11 19:31:06 [INFO] Validating RETRO.md structure...
2026-02-11 19:31:06 [OK] RETRO.md structure valid (6/6 sections)
2026-02-11 19:31:07 [OK] Updated MANIFEST.json phase → COMPLETE
2026-02-11 19:31:07 [OK] Phase 4 PASSED — documentation validated
2026-02-11 19:31:07 [PHASE] PHASE 5: ARCHIVE & CLEANUP
2026-02-11 19:31:07 [INFO] Unregistering from task-dispatch-watcher...
2026-02-11 19:31:07 [OK] Not registered with watcher (already clean)
2026-02-11 19:31:07 [INFO] Cancelling lifecycle watches...
2026-02-11 19:31:07 [OK] Lifecycle watches cleaned
2026-02-11 19:31:07 [INFO] Preparing HR archival request...
2026-02-11 19:31:07 [OK] Archival already processed: ARCHIVAL_PROJ-2026-0210-novotechno-collections_2026-02-11.md
2026-02-11 19:31:07 [INFO] Cleaning up temporary files...
2026-02-11 19:31:07 [OK] Cleaned 1 temp files
2026-02-11 19:31:07 [INFO] Cleaning watcher state entries...
2026-02-11 19:31:07 [OK] Cleaned watcher state entries
2026-02-11 19:31:07 [INFO] Running final validation scan...
2026-02-11 19:31:07 [OK] Absorption request: present
2026-02-11 19:31:07 [OK] Archival request: present
2026-02-11 19:31:07 [OK] RETRO.md: present
2026-02-11 19:31:07 [OK] MANIFEST phase: COMPLETE
2026-02-11 19:31:07 [OK] Watcher registration: clean
2026-02-11 19:31:07 [WARN] 2 potentially orphaned process(es) referencing PROJ-2026-0210-novotechno-collections
2026-02-11 19:31:07 [OK] Phase 5 PASSED — archive and cleanup complete
2026-02-11 19:31:07 [INFO] Total errors: 0
2026-02-11 19:31:07 [INFO] Total warnings: 1
2026-02-11 19:31:07 [INFO] Log file: /Users/caine/Projects/PROJ-2026-0210-novotechno-collections/.lifecycle-complete.log
2026-02-13 16:27:36 [INFO] Starting lifecycle completion for novotechno
2026-02-13 16:27:36 [INFO] Project dir: /Users/caine/Projects/PROJ-2026-0210-novotechno-collections
2026-02-13 16:27:36 [INFO] Log file: /Users/caine/Projects/PROJ-2026-0210-novotechno-collections/.lifecycle-complete.log
2026-02-13 16:27:36 [INFO] Starting from phase 3
2026-02-13 16:27:36 [PHASE] PHASE 3: KMA ABSORPTION
2026-02-13 16:27:36 [OK] Including ACCURACY_REPORT.md in calibration block
2026-02-13 16:27:36 [INFO] Composing absorption request...
2026-02-13 16:27:36 [OK] Wrote absorption request (17709 bytes): ABSORB_novotechno_2026-02-13.md
2026-02-13 16:27:36 [INFO] Triggering KMA processing...
2026-02-13 16:27:36 [INFO] KMA triggered (PID 23578) — processing is async
2026-02-13 16:27:36 [INFO] Verifying absorption file is in queue...
2026-02-13 16:27:36 [OK] Verified: absorption file in queue (17709 bytes, attempt 1)
2026-02-13 16:27:36 [OK] Phase 3 complete — absorption request queued
2026-02-13 16:27:36 [PHASE] PHASE 4: DOCUMENTATION UPDATES
2026-02-13 16:27:36 [INFO] Validating MANIFEST.json internal consistency...
2026-02-13 16:27:36 [INFO] Checking for broken references in project files...
2026-02-13 16:27:36 [OK] No broken file references found
2026-02-13 16:27:36 [INFO] Checking Brain cross-reference targets...
2026-02-13 16:27:36 [INFO] Brain archive note not yet created (KMA will create during absorption)
2026-02-13 16:27:36 [INFO] Pattern Registry references to this project: 0
2026-02-13 16:27:36 [INFO] Validating RETRO.md structure...
2026-02-13 16:27:36 [OK] RETRO.md structure valid (6/6 sections)
2026-02-13 16:27:36 [OK] Updated MANIFEST.json phase → COMPLETE
2026-02-13 16:27:36 [OK] Phase 4 PASSED — documentation validated
2026-02-13 16:27:36 [PHASE] PHASE 5: ARCHIVE & CLEANUP
2026-02-13 16:27:36 [INFO] Unregistering from task-dispatch-watcher...
2026-02-13 16:27:36 [OK] Not registered with watcher (already clean)
2026-02-13 16:27:36 [INFO] Cancelling lifecycle watches...
2026-02-13 16:27:36 [OK] Lifecycle watches cleaned
2026-02-13 16:27:36 [INFO] Preparing HR archival request...
2026-02-13 16:27:36 [OK] Wrote archival request: ARCHIVAL_novotechno_2026-02-13.md
2026-02-13 16:27:36 [INFO] HR triggered (PID 23638) — processing is async
2026-02-13 16:27:36 [INFO] Cleaning up temporary files...
2026-02-13 16:27:36 [OK] Cleaned 0 temp files
2026-02-13 16:27:36 [INFO] Cleaning watcher state entries...
2026-02-13 16:27:36 [OK] Cleaned watcher state entries
2026-02-13 16:27:36 [INFO] Running final validation scan...
2026-02-13 16:27:36 [OK] Absorption request: present
2026-02-13 16:27:36 [OK] Archival request: present
2026-02-13 16:27:36 [OK] RETRO.md: present
2026-02-13 16:27:36 [OK] MANIFEST phase: COMPLETE
2026-02-13 16:27:36 [OK] Watcher registration: clean
2026-02-13 16:27:36 [WARN] 2 potentially orphaned process(es) referencing novotechno
2026-02-13 16:27:36 [OK] Phase 5 PASSED — archive and cleanup complete
2026-02-13 16:27:36 [INFO] Total errors: 0
2026-02-13 16:27:36 [INFO] Total warnings: 1
2026-02-13 16:27:36 [INFO] Log file: /Users/caine/Projects/PROJ-2026-0210-novotechno-collections/.lifecycle-complete.log
